#
# A fatal error has been detected by the Java Runtime Environment:
#
#  SIGSEGV (0xb) at pc=0x000000014884a1ff, pid=97337, tid=91907
#
# JRE version: OpenJDK Runtime Environment (15.0.1+9) (build 15.0.1+9-18)
# Java VM: OpenJDK 64-Bit Server VM (15.0.1+9-18, mixed mode, sharing, tiered, compressed oops, g1 gc, bsd-amd64)
# Problematic frame:
# C  0x000000014884a1ff
#
# No core dump will be written. Core dumps have been disabled. To enable core dumping, try "ulimit -c unlimited" before starting Java again
#
# If you would like to submit a bug report, please visit:
#   https://bugreport.java.com/bugreport/crash.jsp
#

---------------  S U M M A R Y ------------

Command Line: -Djava.library.path=/usr/local/Cellar/opencv/4.5.1_2/share/java/opencv4 -Dfile.encoding=UTF-8 -XX:+ShowCodeDetailsInExceptionMessages pien_project.TestOpenCV

Host: MacBookPro14,1 x86_64 2300 MHz, 4 cores, 16G, Darwin 20.2.0
Time: Thu Jan 14 18:03:35 2021 JST elapsed time: 13.160292 seconds (0d 0h 0m 13s)

---------------  T H R E A D  ---------------

Current thread is native thread

Stack: [0x0000700001e1e000,0x000070000221e000],  sp=0x000070000221df88,  free space=4095k
Native frames: (J=compiled Java code, A=aot compiled Java code, j=interpreted, Vv=VM code, C=native code)
C  0x000000014884a1ff
C  [libtbb.dylib+0xdfd3]  tbb::internal::rml::private_worker::thread_routine(void*)+0x9
C  [libsystem_pthread.dylib+0x6950]  _pthread_start+0xe0
C  [libsystem_pthread.dylib+0x247b]  thread_start+0xf


siginfo: si_signo: 11 (SIGSEGV), si_code: 1 (SEGV_MAPERR), si_addr: 0x000000014884a1ff

Registers:
RAX=0x0000000000000000, RBX=0x0000000148ac3f80, RCX=0x00007fff2033fe7e, RDX=0x0000000000000028
RSP=0x000070000221df88, RBP=0x000070000221dfa0, RSI=0x0000000000000003, RDI=0x0000000148acc180
R8 =0x0000000000001707, R9 =0x0000000000000000, R10=0x000000000000002c, R11=0x0000000000000206
R12=0x0000000000000000, R13=0x0000000000000000, R14=0x0000000000000000, R15=0x0000000000000000
RIP=0x000000014884a1ff, EFLAGS=0x0000000000010202, ERR=0x0000000000000014
  TRAPNO=0x000000000000000e

Top of Stack: (sp=0x000070000221df88)
0x000070000221df88:   0000000130a6f1e3 0000000148ac3f80
0x000070000221df98:   000070000221e000 000070000221dfb0
0x000070000221dfa8:   0000000130a6efd3 000070000221dfd0
0x000070000221dfb8:   00007fff20374950 0000000000000000
0x000070000221dfc8:   0000000000000000 000070000221dff0
0x000070000221dfd8:   00007fff2037047b 0000000000000000
0x000070000221dfe8:   0000000000000000 0000000000000000
0x000070000221dff8:   0000000000000000 ef0d6bee857ebcbc
0x000070000221e008:   0000000000000000 0000700002724000
0x000070000221e018:   0000700001a18010 0000000000000000
0x000070000221e028:   0000000000000000 0000000000000001
0x000070000221e038:   0000000a0000001f 0000000000000000
0x000070000221e048:   0001012000000000 0000000000000000
0x000070000221e058:   0000000000000000 0000000000000000
0x000070000221e068:   0000000000000000 0000000000000000
0x000070000221e078:   0000000000000000 0000000000000000
0x000070000221e088:   0000000000000000 0000000130a6efca
0x000070000221e098:   0000000148ad4100 0003000000000000
0x000070000221e0a8:   0000000000000000 000070000221e000
0x000070000221e0b8:   0000700001e1e000 0000700001e1d000
0x000070000221e0c8:   0000000000403000 0000000000001000
0x000070000221e0d8:   0000000000246ccb 000070000221e000
0x000070000221e0e8:   000070000221e0ac 0000000000001707
0x000070000221e0f8:   0000000000016703 00000000000008ff
0x000070000221e108:   0000000000000000 0000000000000000
0x000070000221e118:   ef0d1bee875f5cbc 0000000000000000
0x000070000221e128:   0000000000000000 0000000000000000
0x000070000221e138:   0000000000000000 00007f8ccef04c60
0x000070000221e148:   0000000000000000 0000000000000000
0x000070000221e158:   0000000000000000 0000000000000000
0x000070000221e168:   0000000000000000 0000000000000000
0x000070000221e178:   0000000000000000 0000000000000000 

Instructions: (pc=0x000000014884a1ff)
0x000000014884a0ff:   ?? ?? ?? ?? ?? ?? ?? ?? ?? ?? ?? ?? ?? ?? ?? ??
0x000000014884a10f:   ?? ?? ?? ?? ?? ?? ?? ?? ?? ?? ?? ?? ?? ?? ?? ??
0x000000014884a11f:   ?? ?? ?? ?? ?? ?? ?? ?? ?? ?? ?? ?? ?? ?? ?? ??
0x000000014884a12f:   ?? ?? ?? ?? ?? ?? ?? ?? ?? ?? ?? ?? ?? ?? ?? ??
0x000000014884a13f:   ?? ?? ?? ?? ?? ?? ?? ?? ?? ?? ?? ?? ?? ?? ?? ??
0x000000014884a14f:   ?? ?? ?? ?? ?? ?? ?? ?? ?? ?? ?? ?? ?? ?? ?? ??
0x000000014884a15f:   ?? ?? ?? ?? ?? ?? ?? ?? ?? ?? ?? ?? ?? ?? ?? ??
0x000000014884a16f:   ?? ?? ?? ?? ?? ?? ?? ?? ?? ?? ?? ?? ?? ?? ?? ??
0x000000014884a17f:   ?? ?? ?? ?? ?? ?? ?? ?? ?? ?? ?? ?? ?? ?? ?? ??
0x000000014884a18f:   ?? ?? ?? ?? ?? ?? ?? ?? ?? ?? ?? ?? ?? ?? ?? ??
0x000000014884a19f:   ?? ?? ?? ?? ?? ?? ?? ?? ?? ?? ?? ?? ?? ?? ?? ??
0x000000014884a1af:   ?? ?? ?? ?? ?? ?? ?? ?? ?? ?? ?? ?? ?? ?? ?? ??
0x000000014884a1bf:   ?? ?? ?? ?? ?? ?? ?? ?? ?? ?? ?? ?? ?? ?? ?? ??
0x000000014884a1cf:   ?? ?? ?? ?? ?? ?? ?? ?? ?? ?? ?? ?? ?? ?? ?? ??
0x000000014884a1df:   ?? ?? ?? ?? ?? ?? ?? ?? ?? ?? ?? ?? ?? ?? ?? ??
0x000000014884a1ef:   ?? ?? ?? ?? ?? ?? ?? ?? ?? ?? ?? ?? ?? ?? ?? ??
0x000000014884a1ff:   ?? ?? ?? ?? ?? ?? ?? ?? ?? ?? ?? ?? ?? ?? ?? ??
0x000000014884a20f:   ?? ?? ?? ?? ?? ?? ?? ?? ?? ?? ?? ?? ?? ?? ?? ??
0x000000014884a21f:   ?? ?? ?? ?? ?? ?? ?? ?? ?? ?? ?? ?? ?? ?? ?? ??
0x000000014884a22f:   